<?xml version="1.0" encoding="UTF-8"?>
<!-- Generated by org.testng.reporters.JUnitReportReporter -->
<testsuite hostname="Jawad" failures="0" tests="1" name="tests.ErrorValidationsTest" time="17.446" errors="0" timestamp="2023-07-06T18:57:40 PKT" skipped="0">
  <testcase classname="tests.ErrorValidationsTest" name="incorrectLogin" time="17.446"/>
</testsuite> <!-- tests.ErrorValidationsTest -->
